Using pre-set license
Built from '2022.3/staging' branch; Version is '2022.3.6f1 (b9e6e7e9fa2d) revision 12183271'; Using compiler version '192829333'; Build Type 'Release'
OS: 'Windows 11  (10.0.22621) 64bit Core' Language: 'en' Physical Memory: 16310 MB
BatchMode: 1, IsHumanControllingUs: 0, StartBugReporterOnCrash: 0, Is64bit: 1, IsPro: 1

COMMAND LINE ARGUMENTS:
R:\games\editors\2022.3.6f1\Editor\Unity.exe
-adb2
-batchMode
-noUpm
-name
AssetImportWorker2
-projectPath
R:/games/eee
-logFile
Logs/AssetImportWorker2.log
-srvPort
51651
Successfully changed project path to: R:/games/eee
R:/games/eee
[UnityMemory] Configuration Parameters - Can be set up in boot.config
    "memorysetup-bucket-allocator-granularity=16"
    "memorysetup-bucket-allocator-bucket-count=8"
    "memorysetup-bucket-allocator-block-size=33554432"
    "memorysetup-bucket-allocator-block-count=8"
    "memorysetup-main-allocator-block-size=16777216"
    "memorysetup-thread-allocator-block-size=16777216"
    "memorysetup-gfx-main-allocator-block-size=16777216"
    "memorysetup-gfx-thread-allocator-block-size=16777216"
    "memorysetup-cache-allocator-block-size=4194304"
    "memorysetup-typetree-allocator-block-size=2097152"
    "memorysetup-profiler-bucket-allocator-granularity=16"
    "memorysetup-profiler-bucket-allocator-bucket-count=8"
    "memorysetup-profiler-bucket-allocator-block-size=33554432"
    "memorysetup-profiler-bucket-allocator-block-count=8"
    "memorysetup-profiler-allocator-block-size=16777216"
    "memorysetup-profiler-editor-allocator-block-size=1048576"
    "memorysetup-temp-allocator-size-main=16777216"
    "memorysetup-job-temp-allocator-block-size=2097152"
    "memorysetup-job-temp-allocator-block-size-background=1048576"
    "memorysetup-job-temp-allocator-reduction-small-platforms=262144"
    "memorysetup-allocator-temp-initial-block-size-main=262144"
    "memorysetup-allocator-temp-initial-block-size-worker=262144"
    "memorysetup-temp-allocator-size-background-worker=32768"
    "memorysetup-temp-allocator-size-job-worker=262144"
    "memorysetup-temp-allocator-size-preload-manager=33554432"
    "memorysetup-temp-allocator-size-nav-mesh-worker=65536"
    "memorysetup-temp-allocator-size-audio-worker=65536"
    "memorysetup-temp-allocator-size-cloud-worker=32768"
    "memorysetup-temp-allocator-size-gi-baking-worker=262144"
    "memorysetup-temp-allocator-size-gfx=262144"
Player connection [25292] Host "[IP] 192.168.1.79 [Port] 0 [Flags] 2 [Guid] 2282007136 [EditorId] 2282007136 [Version] 1048832 [Id] WindowsEditor(7,QUINNS-PC) [Debug] 1 [PackageName] WindowsEditor [ProjectName] Editor" joined multi-casting on [225.0.0.222:54997]...

Player connection [25292] Host "[IP] 192.168.1.79 [Port] 0 [Flags] 2 [Guid] 2282007136 [EditorId] 2282007136 [Version] 1048832 [Id] WindowsEditor(7,QUINNS-PC) [Debug] 1 [PackageName] WindowsEditor [ProjectName] Editor" joined alternative multi-casting on [225.0.0.222:34997]...

Refreshing native plugins compatible for Editor in 9.59 ms, found 5 plugins.
Preloading 0 native plugins for Editor in 0.00 ms.
Initialize engine version: 2022.3.6f1 (b9e6e7e9fa2d)
[Subsystems] Discovering subsystems at path R:/games/editors/2022.3.6f1/Editor/Data/Resources/UnitySubsystems
[Subsystems] Discovering subsystems at path R:/games/eee/Assets
GfxDevice: creating device client; threaded=0; jobified=0
Direct3D:
    Version:  Direct3D 11.0 [level 11.1]
    Renderer: NVIDIA GeForce RTX 3060 (ID=0x2504)
    Vendor:   NVIDIA
    VRAM:     12129 MB
    Driver:   31.0.15.3713
Initialize mono
Mono path[0] = 'R:/games/editors/2022.3.6f1/Editor/Data/Managed'
Mono path[1] = 'R:/games/editors/2022.3.6f1/Editor/Data/MonoBleedingEdge/lib/mono/unityjit-win32'
Mono config path = 'R:/games/editors/2022.3.6f1/Editor/Data/MonoBleedingEdge/etc'
Using monoOptions --debugger-agent=transport=dt_socket,embedding=1,server=y,suspend=n,address=127.0.0.1:56784
Begin MonoManager ReloadAssembly
Registering precompiled unity dll's ...
Register platform support module: R:/games/editors/2022.3.6f1/Editor/Data/PlaybackEngines/MacStandaloneSupport/UnityEditor.OSXStandalone.Extensions.dll
Register platform support module: R:/games/editors/2022.3.6f1/Editor/Data/PlaybackEngines/AndroidPlayer/UnityEditor.Android.Extensions.dll
Register platform support module: R:/games/editors/2022.3.6f1/Editor/Data/PlaybackEngines/iOSSupport/UnityEditor.iOS.Extensions.dll
Register platform support module: R:/games/editors/2022.3.6f1/Editor/Data/PlaybackEngines/AppleTVSupport/UnityEditor.AppleTV.Extensions.dll
Register platform support module: R:/games/editors/2022.3.6f1/Editor/Data/PlaybackEngines/WindowsStandaloneSupport/UnityEditor.WindowsStandalone.Extensions.dll
Register platform support module: R:/games/editors/2022.3.6f1/Editor/Data/PlaybackEngines/LinuxStandaloneSupport/UnityEditor.LinuxStandalone.Extensions.dll
Register platform support module: R:/games/editors/2022.3.6f1/Editor/Data/PlaybackEngines/MetroSupport/UnityEditor.UWP.Extensions.dll
Registered in 0.007382 seconds.
- Loaded All Assemblies, in  0.296 seconds
Native extension for UWP target not found
Native extension for LinuxStandalone target not found
Native extension for WindowsStandalone target not found
[usbmuxd] Start listen thread
[usbmuxd] Listen thread started
Native extension for AppleTV target not found
[usbmuxd] Start listen thread
[usbmuxd] Listen thread started
Native extension for iOS target not found
Native extension for Android target not found
Android Extension - Scanning For ADB Devices 294 ms
Native extension for OSXStandalone target not found
Mono: successfully reloaded assembly
- Finished resetting the current domain, in  0.597 seconds
Domain Reload Profiling: 894ms
	BeginReloadAssembly (78ms)
		ExecutionOrderSort (0ms)
		DisableScriptedObjects (0ms)
		BackupInstance (0ms)
		ReleaseScriptingObjects (0ms)
		CreateAndSetChildDomain (1ms)
	RebuildCommonClasses (35ms)
	RebuildNativeTypeToScriptingClass (10ms)
	initialDomainReloadingComplete (45ms)
	LoadAllAssembliesAndSetupDomain (128ms)
		LoadAssemblies (79ms)
		RebuildTransferFunctionScriptingTraits (0ms)
		AnalyzeDomain (123ms)
			TypeCache.Refresh (123ms)
				TypeCache.ScanAssembly (114ms)
			ScanForSourceGeneratedMonoScriptInfo (0ms)
			ResolveRequiredComponents (0ms)
	FinalizeReload (597ms)
		ReleaseScriptCaches (0ms)
		RebuildScriptCaches (0ms)
		SetupLoadedEditorAssemblies (549ms)
			LogAssemblyErrors (0ms)
			InitializePlatformSupportModulesInManaged (426ms)
			SetLoadedEditorAssemblies (3ms)
			RefreshPlugins (0ms)
			BeforeProcessingInitializeOnLoad (2ms)
			ProcessInitializeOnLoadAttributes (80ms)
			ProcessInitializeOnLoadMethodAttributes (38ms)
			AfterProcessingInitializeOnLoad (0ms)
			EditorAssembliesLoaded (0ms)
		ExecutionOrderSort2 (0ms)
		AwakeInstancesAfterBackupRestoration (0ms)
========================================================================
Worker process is ready to serve import requests
Begin MonoManager ReloadAssembly
Symbol file LoadedFromMemory doesn't match image R:\games\eee\Library\PackageCache\com.unity.visualscripting@1.8.0\Editor\VisualScripting.Core\Dependencies\YamlDotNet\Unity.VisualScripting.YamlDotNet.dll
Symbol file LoadedFromMemory doesn't match image R:\games\eee\Library\PackageCache\com.unity.visualscripting@1.8.0\Editor\VisualScripting.Core\Dependencies\DotNetZip\Unity.VisualScripting.IonicZip.dll
- Loaded All Assemblies, in  0.652 seconds
Refreshing native plugins compatible for Editor in 3.71 ms, found 5 plugins.
Native extension for UWP target not found
Native extension for LinuxStandalone target not found
Native extension for WindowsStandalone target not found
Native extension for AppleTV target not found
Native extension for iOS target not found
Native extension for Android target not found
Native extension for OSXStandalone target not found
System.Exception: Error! Visual Scripting: couldn't find visual scripting package
  at Unity.VisualScripting.PackageVersionUtility.get_version () [0x00043] in .\Library\PackageCache\com.unity.visualscripting@1.8.0\Editor\VisualScripting.Core\Utilities\PackageVersionUtility.cs:31 
  at Unity.VisualScripting.BoltCoreManifest.get_version () [0x00000] in .\Library\PackageCache\com.unity.visualscripting@1.8.0\Editor\VisualScripting.Core\Plugin\BoltCoreManifest.cs:11 
  at Unity.VisualScripting.PluginManifest.get_currentVersion () [0x00000] in .\Library\PackageCache\com.unity.visualscripting@1.8.0\Editor\VisualScripting.Core\Plugins\PluginManifest.cs:33 
  at Unity.VisualScripting.PluginManifest.get_versionMismatch () [0x00000] in .\Library\PackageCache\com.unity.visualscripting@1.8.0\Editor\VisualScripting.Core\Plugins\PluginManifest.cs:48 
  at Unity.VisualScripting.PluginContainer.Initialize () [0x00525] in .\Library\PackageCache\com.unity.visualscripting@1.8.0\Editor\VisualScripting.Core\Plugins\PluginContainer.cs:208 
  at Unity.VisualScripting.PluginContainer.InitializeOnLoad () [0x00009] in .\Library\PackageCache\com.unity.visualscripting@1.8.0\Editor\VisualScripting.Core\Plugins\PluginContainer.cs:32 
  at Unity.VisualScripting.VSUsageUtility.DoInitializeOnLoadCalls () [0x00034] in .\Library\PackageCache\com.unity.visualscripting@1.8.0\Editor\VisualScripting.Core\Utilities\VSUsageUtility.cs:76 
  at Unity.VisualScripting.VSUsageUtility.set_isVisualScriptingUsed (System.Boolean value) [0x0002c] in .\Library\PackageCache\com.unity.visualscripting@1.8.0\Editor\VisualScripting.Core\Utilities\VSUsageUtility.cs:114 
  at Unity.VisualScripting.VSUsageUtility.CheckAndSetIsVisualScriptingUsed () [0x00032] in .\Library\PackageCache\com.unity.visualscripting@1.8.0\Editor\VisualScripting.Core\Utilities\VSUsageUtility.cs:48 
  at Unity.VisualScripting.VSUsageUtility..cctor () [0x00000] in .\Library\PackageCache\com.unity.visualscripting@1.8.0\Editor\VisualScripting.Core\Utilities\VSUsageUtility.cs:22 
0x00007ff65d4d7c0d (Unity) StackWalker::GetCurrentCallstack
0x00007ff65d4dcbb9 (Unity) StackWalker::ShowCallstack
0x00007ff65e4a92c1 (Unity) GetStacktrace
0x00007ff65eb6ab32 (Unity) DebugStringToFile
0x00007ff65c42dfb6 (Unity) DebugLogHandler_CUSTOM_Internal_Log
0x000001d57f99dad3 (Mono JIT Code) (wrapper managed-to-native) UnityEngine.DebugLogHandler:Internal_Log (UnityEngine.LogType,UnityEngine.LogOption,string,UnityEngine.Object)
0x000001d57f99d7ab (Mono JIT Code) UnityEngine.DebugLogHandler:LogFormat (UnityEngine.LogType,UnityEngine.Object,string,object[])
0x000001d57f99aeb0 (Mono JIT Code) UnityEngine.Logger:Log (UnityEngine.LogType,object)
0x000001d57f99ad75 (Mono JIT Code) UnityEngine.Debug:LogError (object)
0x000001d573f961bb (Mono JIT Code) UnityEditor.EditorAssemblies:ProcessInitializeOnLoadAttributes (System.Type[])
0x000001d5719aa768 (Mono JIT Code) (wrapper runtime-invoke) <Module>:runtime_invoke_void_object (object,intptr,intptr,intptr)
0x00007ffa9f3ce0d4 (mono-2.0-bdwgc) mono_jit_runtime_invoke (at C:/build/output/Unity-Technologies/mono/mono/mini/mini-runtime.c:3445)
0x00007ffa9f30eb74 (mono-2.0-bdwgc) do_runtime_invoke (at C:/build/output/Unity-Technologies/mono/mono/metadata/object.c:3066)
0x00007ffa9f30ed0c (mono-2.0-bdwgc) mono_runtime_invoke (at C:/build/output/Unity-Technologies/mono/mono/metadata/object.c:3113)
0x00007ff65d3f6f54 (Unity) scripting_method_invoke
0x00007ff65d3d5bd4 (Unity) ScriptingInvocation::Invoke
0x00007ff65d3d0825 (Unity) ScriptingInvocation::Invoke<void>
0x00007ff65d51a433 (Unity) Scripting::UnityEditor::EditorAssembliesProxy::ProcessInitializeOnLoadAttributes
0x00007ff65d3ca3b8 (Unity) MonoManager::SetupLoadedEditorAssemblies
0x00007ff65d3bfee9 (Unity) MonoManager::FinalizeReload
0x00007ff65e7a59ba (Unity) ScriptingInitializer::FinalizeReload
0x00007ff65e35388b (Unity) LoadUserAssemblies
0x00007ff65e85403f (Unity) <lambda_e4c09a862f47a773e31babb76239f51f>::operator()
0x00007ff65e88d842 (Unity) asio::detail::completion_handler<core::mutable_function<void __cdecl(void)>,asio::io_context::basic_executor_type<std::allocator<void>,0> >::do_complete
0x00007ff65e8797ee (Unity) asio::detail::win_iocp_io_context::do_one
0x00007ff65e87b41e (Unity) asio::detail::win_iocp_io_context::run
0x00007ff65e88bbec (Unity) IOService::Run
0x00007ff65e8603af (Unity) AssetImportWorkerClient::Run
0x00007ff65e82af67 (Unity) RunAssetImportWorkerClientV2
0x00007ff65e82afeb (Unity) RunAssetImporterV2
0x00007ff65e02eca1 (Unity) Application::InitializeProject
0x00007ff65e4b50c5 (Unity) WinMain
0x00007ff65f89e87e (Unity) __scrt_common_main_seh
0x00007ffb073f257d (KERNEL32) BaseThreadInitThunk
0x00007ffb07fcaa68 (ntdll) RtlUserThreadStart

Mono: successfully reloaded assembly
- Finished resetting the current domain, in  1.017 seconds
Domain Reload Profiling: 1670ms
	BeginReloadAssembly (118ms)
		ExecutionOrderSort (0ms)
		DisableScriptedObjects (5ms)
		BackupInstance (0ms)
		ReleaseScriptingObjects (0ms)
		CreateAndSetChildDomain (19ms)
	RebuildCommonClasses (38ms)
	RebuildNativeTypeToScriptingClass (11ms)
	initialDomainReloadingComplete (34ms)
	LoadAllAssembliesAndSetupDomain (451ms)
		LoadAssemblies (240ms)
		RebuildTransferFunctionScriptingTraits (0ms)
		AnalyzeDomain (275ms)
			TypeCache.Refresh (251ms)
				TypeCache.ScanAssembly (240ms)
			ScanForSourceGeneratedMonoScriptInfo (19ms)
			ResolveRequiredComponents (4ms)
	FinalizeReload (1018ms)
		ReleaseScriptCaches (0ms)
		RebuildScriptCaches (0ms)
		SetupLoadedEditorAssemblies (870ms)
			LogAssemblyErrors (0ms)
			InitializePlatformSupportModulesInManaged (32ms)
			SetLoadedEditorAssemblies (3ms)
			RefreshPlugins (0ms)
			BeforeProcessingInitializeOnLoad (55ms)
			ProcessInitializeOnLoadAttributes (749ms)
			ProcessInitializeOnLoadMethodAttributes (30ms)
			AfterProcessingInitializeOnLoad (2ms)
			EditorAssembliesLoaded (0ms)
		ExecutionOrderSort2 (0ms)
		AwakeInstancesAfterBackupRestoration (5ms)
Launched and connected shader compiler UnityShaderCompiler.exe after 0.07 seconds
Refreshing native plugins compatible for Editor in 3.68 ms, found 5 plugins.
Preloading 0 native plugins for Editor in 0.00 ms.
Unloading 4098 Unused Serialized files (Serialized files now loaded: 0)
Unloading 68 unused Assets / (63.0 KB). Loaded Objects now: 4563.
Memory consumption went from 153.0 MB to 153.0 MB.
Total: 12.302000 ms (FindLiveObjects: 0.301300 ms CreateObjectMapping: 0.140000 ms MarkObjects: 11.727700 ms  DeleteObjects: 0.131900 ms)

AssetImportParameters requested are different than current active one (requested -> active):
  custom:container-demuxer-ogg: 62fdf1f143b41e24485cea50d1cbac27 -> 
  custom:video-decoder-ogg-theora: a1e56fd34408186e4bbccfd4996cb3dc -> 
  custom:framework-win-MediaFoundation: 216162199b28c13a410421893ffa2e32 -> 
  custom:CustomObjectIndexerAttribute: 756ad292c208cfabdd7b50bc23989ffe -> 
  custom:container-demuxer-webm: 4f35f7cbe854078d1ac9338744f61a02 -> 
  custom:container-muxer-webm: aa71ff27fc2769a1b78a27578f13a17b -> 
  custom:video-decoder-webm-vp8: 9c59270c3fd7afecdb556c50c9e8de78 -> 
  custom:SearchIndexIgnoredProperties: e643bd26f0fe6173181afceb89e7c659 -> 
  custom:AudioImporter_EditorPlatform: d09bf68614088b80899f8185d706f6e7 -> 
  custom:video-encoder-webm-vp8: eb34c28f22e8b96e1ab97ce403110664 -> 
  custom:audio-decoder-ogg-vorbis: bf7c407c2cedff20999df2af8eb42d56 -> 
  custom:audio-encoder-webm-vorbis: bf7c407c2cedff20999df2af8eb42d56 -> 
========================================================================
Received Import Request.
  Time since last request: 10253.579301 seconds.
  path: Assets/level 2 assets/animation/Text (TMP).controller
  artifactKey: Guid(502e39b7ae1dc2d4eb5724c9b27eadf3) Importer(815301076,1909f56bfc062723c751e8b465ee728b)
Start importing Assets/level 2 assets/animation/Text (TMP).controller using Guid(502e39b7ae1dc2d4eb5724c9b27eadf3) Importer(815301076,1909f56bfc062723c751e8b465ee728b)  -> (artifact id: '620cc6c49beac690335f81cedc83ad1d') in 0.011830 seconds
Number of updated asset objects reloaded before import = 0
Number of asset objects unloaded after import = 4
========================================================================
Received Import Request.
  Time since last request: 4.865759 seconds.
  path: Assets/level 2 assets/animation/fire throu.anim
  artifactKey: Guid(f8ad2f243a3e24e4380f962a543ec0a8) Importer(815301076,1909f56bfc062723c751e8b465ee728b)
Start importing Assets/level 2 assets/animation/fire throu.anim using Guid(f8ad2f243a3e24e4380f962a543ec0a8) Importer(815301076,1909f56bfc062723c751e8b465ee728b)  -> (artifact id: '9bcf0f91e4b00df88660947302cd8e69') in 0.001023 seconds
Number of updated asset objects reloaded before import = 0
Number of asset objects unloaded after import = 1
========================================================================
Received Import Request.
  Time since last request: 0.431190 seconds.
  path: Assets/level 2 assets/animation/New Animation.anim
  artifactKey: Guid(bfd55b4df5b9a09499172e4ac24a9216) Importer(815301076,1909f56bfc062723c751e8b465ee728b)
Start importing Assets/level 2 assets/animation/New Animation.anim using Guid(bfd55b4df5b9a09499172e4ac24a9216) Importer(815301076,1909f56bfc062723c751e8b465ee728b)  -> (artifact id: 'fcdfddc36a787939091c2048406e8a21') in 0.001550 seconds
Number of updated asset objects reloaded before import = 0
Number of asset objects unloaded after import = 1
========================================================================
Received Import Request.
  Time since last request: 0.773650 seconds.
  path: Assets/level 2 assets/animation/New Animation 1.anim
  artifactKey: Guid(7318cf768cd0d2146b604f0b1e31b401) Importer(815301076,1909f56bfc062723c751e8b465ee728b)
Start importing Assets/level 2 assets/animation/New Animation 1.anim using Guid(7318cf768cd0d2146b604f0b1e31b401) Importer(815301076,1909f56bfc062723c751e8b465ee728b)  -> (artifact id: 'c2e884ed1d65e82adc8ebb799b99f1ad') in 0.000806 seconds
Number of updated asset objects reloaded before import = 0
Number of asset objects unloaded after import = 1
========================================================================
Received Import Request.
  Time since last request: 0.848635 seconds.
  path: Assets/level 2 assets/animation/New Animation 2.anim
  artifactKey: Guid(c2dffe48d0fa48a48906eae24d45fe8c) Importer(815301076,1909f56bfc062723c751e8b465ee728b)
Start importing Assets/level 2 assets/animation/New Animation 2.anim using Guid(c2dffe48d0fa48a48906eae24d45fe8c) Importer(815301076,1909f56bfc062723c751e8b465ee728b)  -> (artifact id: '49e2eae8edf78b612284f9624a768462') in 0.000806 seconds
Number of updated asset objects reloaded before import = 0
Number of asset objects unloaded after import = 1
========================================================================
Received Import Request.
  Time since last request: 0.441308 seconds.
  path: Assets/level 2 assets/animation/New Animation 1234.anim
  artifactKey: Guid(4c0c74e3c849fd74fb654cd64e8e22df) Importer(815301076,1909f56bfc062723c751e8b465ee728b)
Start importing Assets/level 2 assets/animation/New Animation 1234.anim using Guid(4c0c74e3c849fd74fb654cd64e8e22df) Importer(815301076,1909f56bfc062723c751e8b465ee728b)  -> (artifact id: '6b4844746b24214974831de9e062329b') in 0.001331 seconds
Number of updated asset objects reloaded before import = 0
Number of asset objects unloaded after import = 1
========================================================================
Received Import Request.
  Time since last request: 0.285944 seconds.
  path: Assets/level 2 assets/animation/New Animation 22222222.anim
  artifactKey: Guid(d7cf326f14b66834f8fbd39150524036) Importer(815301076,1909f56bfc062723c751e8b465ee728b)
Start importing Assets/level 2 assets/animation/New Animation 22222222.anim using Guid(d7cf326f14b66834f8fbd39150524036) Importer(815301076,1909f56bfc062723c751e8b465ee728b)  -> (artifact id: '4f1a8723ffa43b42e12a83b92674bf05') in 0.001490 seconds
Number of updated asset objects reloaded before import = 0
Number of asset objects unloaded after import = 1
========================================================================
Received Import Request.
  Time since last request: 0.549969 seconds.
  path: Assets/level 2 assets/animation/New Animation zom.anim
  artifactKey: Guid(3ebcf597bbfee2c42b12c7e4f661df0f) Importer(815301076,1909f56bfc062723c751e8b465ee728b)
Start importing Assets/level 2 assets/animation/New Animation zom.anim using Guid(3ebcf597bbfee2c42b12c7e4f661df0f) Importer(815301076,1909f56bfc062723c751e8b465ee728b)  -> (artifact id: 'f6bc0c31da69904377121d68ec5c5f54') in 0.001259 seconds
Number of updated asset objects reloaded before import = 0
Number of asset objects unloaded after import = 1
========================================================================
Received Import Request.
  Time since last request: 1.597996 seconds.
  path: Assets/level 2 assets/animation/New Animation2.anim
  artifactKey: Guid(fd18ac7bc76b31243a716b0c9e99af23) Importer(815301076,1909f56bfc062723c751e8b465ee728b)
Start importing Assets/level 2 assets/animation/New Animation2.anim using Guid(fd18ac7bc76b31243a716b0c9e99af23) Importer(815301076,1909f56bfc062723c751e8b465ee728b)  -> (artifact id: '1106a2ffc7f0568a2506318eb4864016') in 0.000980 seconds
Number of updated asset objects reloaded before import = 0
Number of asset objects unloaded after import = 1
========================================================================
Received Import Request.
  Time since last request: 1.058169 seconds.
  path: Assets/level 2 assets/animation/New Animationaaaaa.anim
  artifactKey: Guid(40725cd5283e7bc48801cd125ba6bdc5) Importer(815301076,1909f56bfc062723c751e8b465ee728b)
Start importing Assets/level 2 assets/animation/New Animationaaaaa.anim using Guid(40725cd5283e7bc48801cd125ba6bdc5) Importer(815301076,1909f56bfc062723c751e8b465ee728b)  -> (artifact id: '16bae85951c1aaa213d684d9b6d0d497') in 0.001084 seconds
Number of updated asset objects reloaded before import = 0
Number of asset objects unloaded after import = 1
========================================================================
Received Import Request.
  Time since last request: 1.956009 seconds.
  path: Assets/level 2 assets/animation/New Animationdadadadad.anim
  artifactKey: Guid(88aa27eae7d995644a480d481059dd4e) Importer(815301076,1909f56bfc062723c751e8b465ee728b)
Start importing Assets/level 2 assets/animation/New Animationdadadadad.anim using Guid(88aa27eae7d995644a480d481059dd4e) Importer(815301076,1909f56bfc062723c751e8b465ee728b)  -> (artifact id: 'c5417130eef528fbbb83ef20b75a487a') in 0.001224 seconds
Number of updated asset objects reloaded before import = 0
Number of asset objects unloaded after import = 1
========================================================================
Received Import Request.
  Time since last request: 1.051764 seconds.
  path: Assets/level 2 assets/animation/New Animationeeeee.anim
  artifactKey: Guid(82c5e506ad031994fb17ef7f145480d9) Importer(815301076,1909f56bfc062723c751e8b465ee728b)
Start importing Assets/level 2 assets/animation/New Animationeeeee.anim using Guid(82c5e506ad031994fb17ef7f145480d9) Importer(815301076,1909f56bfc062723c751e8b465ee728b)  -> (artifact id: '547e7199407c3499cd1f76296bd883e7') in 0.001244 seconds
Number of updated asset objects reloaded before import = 0
Number of asset objects unloaded after import = 1
========================================================================
Received Prepare
Begin MonoManager ReloadAssembly
Symbol file LoadedFromMemory doesn't match image R:\games\eee\Library\PackageCache\com.unity.visualscripting@1.8.0\Editor\VisualScripting.Core\Dependencies\YamlDotNet\Unity.VisualScripting.YamlDotNet.dll
Symbol file LoadedFromMemory doesn't match image R:\games\eee\Library\PackageCache\com.unity.visualscripting@1.8.0\Editor\VisualScripting.Core\Dependencies\DotNetZip\Unity.VisualScripting.IonicZip.dll
- Loaded All Assemblies, in  0.636 seconds
Refreshing native plugins compatible for Editor in 3.79 ms, found 5 plugins.
Native extension for UWP target not found
Native extension for LinuxStandalone target not found
Native extension for WindowsStandalone target not found
Native extension for AppleTV target not found
Native extension for iOS target not found
Native extension for Android target not found
Native extension for OSXStandalone target not found
System.Exception: Error! Visual Scripting: couldn't find visual scripting package
  at Unity.VisualScripting.PackageVersionUtility.get_version () [0x00043] in .\Library\PackageCache\com.unity.visualscripting@1.8.0\Editor\VisualScripting.Core\Utilities\PackageVersionUtility.cs:31 
  at Unity.VisualScripting.BoltCoreManifest.get_version () [0x00000] in .\Library\PackageCache\com.unity.visualscripting@1.8.0\Editor\VisualScripting.Core\Plugin\BoltCoreManifest.cs:11 
  at Unity.VisualScripting.PluginManifest.get_currentVersion () [0x00000] in .\Library\PackageCache\com.unity.visualscripting@1.8.0\Editor\VisualScripting.Core\Plugins\PluginManifest.cs:33 
  at Unity.VisualScripting.PluginManifest.get_versionMismatch () [0x00000] in .\Library\PackageCache\com.unity.visualscripting@1.8.0\Editor\VisualScripting.Core\Plugins\PluginManifest.cs:48 
  at Unity.VisualScripting.PluginContainer.Initialize () [0x00525] in .\Library\PackageCache\com.unity.visualscripting@1.8.0\Editor\VisualScripting.Core\Plugins\PluginContainer.cs:208 
  at Unity.VisualScripting.PluginContainer.InitializeOnLoad () [0x00009] in .\Library\PackageCache\com.unity.visualscripting@1.8.0\Editor\VisualScripting.Core\Plugins\PluginContainer.cs:32 
  at Unity.VisualScripting.VSUsageUtility.DoInitializeOnLoadCalls () [0x00034] in .\Library\PackageCache\com.unity.visualscripting@1.8.0\Editor\VisualScripting.Core\Utilities\VSUsageUtility.cs:76 
  at Unity.VisualScripting.VSUsageUtility.set_isVisualScriptingUsed (System.Boolean value) [0x0002c] in .\Library\PackageCache\com.unity.visualscripting@1.8.0\Editor\VisualScripting.Core\Utilities\VSUsageUtility.cs:114 
  at Unity.VisualScripting.VSUsageUtility.CheckAndSetIsVisualScriptingUsed () [0x0000d] in .\Library\PackageCache\com.unity.visualscripting@1.8.0\Editor\VisualScripting.Core\Utilities\VSUsageUtility.cs:33 
  at Unity.VisualScripting.VSUsageUtility..cctor () [0x00000] in .\Library\PackageCache\com.unity.visualscripting@1.8.0\Editor\VisualScripting.Core\Utilities\VSUsageUtility.cs:22 
0x00007ff65d4d7c0d (Unity) StackWalker::GetCurrentCallstack
0x00007ff65d4dcbb9 (Unity) StackWalker::ShowCallstack
0x00007ff65e4a92c1 (Unity) GetStacktrace
0x00007ff65eb6ab32 (Unity) DebugStringToFile
0x00007ff65c42dfb6 (Unity) DebugLogHandler_CUSTOM_Internal_Log
0x000001d38a778a53 (Mono JIT Code) (wrapper managed-to-native) UnityEngine.DebugLogHandler:Internal_Log (UnityEngine.LogType,UnityEngine.LogOption,string,UnityEngine.Object)
0x000001d38a7786cb (Mono JIT Code) UnityEngine.DebugLogHandler:LogFormat (UnityEngine.LogType,UnityEngine.Object,string,object[])
0x000001d38a775ad0 (Mono JIT Code) UnityEngine.Logger:Log (UnityEngine.LogType,object)
0x000001d38a775995 (Mono JIT Code) UnityEngine.Debug:LogError (object)
0x000001d5719aca6b (Mono JIT Code) UnityEditor.EditorAssemblies:ProcessInitializeOnLoadAttributes (System.Type[])
0x000001d57441a768 (Mono JIT Code) (wrapper runtime-invoke) <Module>:runtime_invoke_void_object (object,intptr,intptr,intptr)
0x00007ffa9f3ce0d4 (mono-2.0-bdwgc) mono_jit_runtime_invoke (at C:/build/output/Unity-Technologies/mono/mono/mini/mini-runtime.c:3445)
0x00007ffa9f30eb74 (mono-2.0-bdwgc) do_runtime_invoke (at C:/build/output/Unity-Technologies/mono/mono/metadata/object.c:3066)
0x00007ffa9f30ed0c (mono-2.0-bdwgc) mono_runtime_invoke (at C:/build/output/Unity-Technologies/mono/mono/metadata/object.c:3113)
0x00007ff65d3f6f54 (Unity) scripting_method_invoke
0x00007ff65d3d5bd4 (Unity) ScriptingInvocation::Invoke
0x00007ff65d3d0825 (Unity) ScriptingInvocation::Invoke<void>
0x00007ff65d51a433 (Unity) Scripting::UnityEditor::EditorAssembliesProxy::ProcessInitializeOnLoadAttributes
0x00007ff65d3ca3b8 (Unity) MonoManager::SetupLoadedEditorAssemblies
0x00007ff65d3bfee9 (Unity) MonoManager::FinalizeReload
0x00007ff65e7a59ba (Unity) ScriptingInitializer::FinalizeReload
0x00007ff65e35388b (Unity) LoadUserAssemblies
0x00007ff65e853d95 (Unity) <lambda_b37b41f03089e3cb3f55061bbc93253d>::operator()
0x00007ff65e88d842 (Unity) asio::detail::completion_handler<core::mutable_function<void __cdecl(void)>,asio::io_context::basic_executor_type<std::allocator<void>,0> >::do_complete
0x00007ff65e8797ee (Unity) asio::detail::win_iocp_io_context::do_one
0x00007ff65e87b454 (Unity) asio::detail::win_iocp_io_context::run
0x00007ff65e88bbec (Unity) IOService::Run
0x00007ff65e8603af (Unity) AssetImportWorkerClient::Run
0x00007ff65e82af67 (Unity) RunAssetImportWorkerClientV2
0x00007ff65e82afeb (Unity) RunAssetImporterV2
0x00007ff65e02eca1 (Unity) Application::InitializeProject
0x00007ff65e4b50c5 (Unity) WinMain
0x00007ff65f89e87e (Unity) __scrt_common_main_seh
0x00007ffb073f257d (KERNEL32) BaseThreadInitThunk
0x00007ffb07fcaa68 (ntdll) RtlUserThreadStart

Mono: successfully reloaded assembly
- Finished resetting the current domain, in  1.231 seconds
Domain Reload Profiling: 1868ms
	BeginReloadAssembly (153ms)
		ExecutionOrderSort (0ms)
		DisableScriptedObjects (11ms)
		BackupInstance (0ms)
		ReleaseScriptingObjects (0ms)
		CreateAndSetChildDomain (40ms)
	RebuildCommonClasses (36ms)
	RebuildNativeTypeToScriptingClass (11ms)
	initialDomainReloadingComplete (23ms)
	LoadAllAssembliesAndSetupDomain (414ms)
		LoadAssemblies (238ms)
		RebuildTransferFunctionScriptingTraits (0ms)
		AnalyzeDomain (239ms)
			TypeCache.Refresh (235ms)
				TypeCache.ScanAssembly (224ms)
			ScanForSourceGeneratedMonoScriptInfo (0ms)
			ResolveRequiredComponents (4ms)
	FinalizeReload (1232ms)
		ReleaseScriptCaches (0ms)
		RebuildScriptCaches (0ms)
		SetupLoadedEditorAssemblies (581ms)
			LogAssemblyErrors (0ms)
			InitializePlatformSupportModulesInManaged (31ms)
			SetLoadedEditorAssemblies (3ms)
			RefreshPlugins (0ms)
			BeforeProcessingInitializeOnLoad (55ms)
			ProcessInitializeOnLoadAttributes (452ms)
			ProcessInitializeOnLoadMethodAttributes (39ms)
			AfterProcessingInitializeOnLoad (3ms)
			EditorAssembliesLoaded (0ms)
		ExecutionOrderSort2 (0ms)
		AwakeInstancesAfterBackupRestoration (15ms)
Refreshing native plugins compatible for Editor in 5.44 ms, found 5 plugins.
Preloading 0 native plugins for Editor in 0.00 ms.
Unloading 4070 Unused Serialized files (Serialized files now loaded: 0)
Unloading 40 unused Assets / (38.5 KB). Loaded Objects now: 4570.
Memory consumption went from 145.9 MB to 145.9 MB.
Total: 12.837100 ms (FindLiveObjects: 0.390200 ms CreateObjectMapping: 0.114900 ms MarkObjects: 12.234000 ms  DeleteObjects: 0.096900 ms)

Prepare: number of updated asset objects reloaded= 0
AssetImportParameters requested are different than current active one (requested -> active):
  custom:container-demuxer-ogg: 62fdf1f143b41e24485cea50d1cbac27 -> 
  custom:video-decoder-ogg-theora: a1e56fd34408186e4bbccfd4996cb3dc -> 
  custom:framework-win-MediaFoundation: 216162199b28c13a410421893ffa2e32 -> 
  custom:CustomObjectIndexerAttribute: 756ad292c208cfabdd7b50bc23989ffe -> 
  custom:container-demuxer-webm: 4f35f7cbe854078d1ac9338744f61a02 -> 
  custom:container-muxer-webm: aa71ff27fc2769a1b78a27578f13a17b -> 
  custom:video-decoder-webm-vp8: 9c59270c3fd7afecdb556c50c9e8de78 -> 
  custom:SearchIndexIgnoredProperties: e643bd26f0fe6173181afceb89e7c659 -> 
  custom:AudioImporter_EditorPlatform: d09bf68614088b80899f8185d706f6e7 -> 
  custom:video-encoder-webm-vp8: eb34c28f22e8b96e1ab97ce403110664 -> 
  custom:audio-decoder-ogg-vorbis: bf7c407c2cedff20999df2af8eb42d56 -> 
  custom:audio-encoder-webm-vorbis: bf7c407c2cedff20999df2af8eb42d56 -> 
========================================================================
Received Import Request.
  Time since last request: 164.632402 seconds.
  path: Assets/level 2 assets/animation/New Anisssmation.anim
  artifactKey: Guid(a600a557d69c3554e863d996e08b0a80) Importer(815301076,1909f56bfc062723c751e8b465ee728b)
Start importing Assets/level 2 assets/animation/New Anisssmation.anim using Guid(a600a557d69c3554e863d996e08b0a80) Importer(815301076,1909f56bfc062723c751e8b465ee728b)  -> (artifact id: 'b5ce0d052e08533b9c8202ea78dd0854') in 0.007899 seconds
Number of updated asset objects reloaded before import = 0
Number of asset objects unloaded after import = 1
========================================================================
Received Prepare
Begin MonoManager ReloadAssembly
Symbol file LoadedFromMemory doesn't match image R:\games\eee\Library\PackageCache\com.unity.visualscripting@1.8.0\Editor\VisualScripting.Core\Dependencies\YamlDotNet\Unity.VisualScripting.YamlDotNet.dll
Symbol file LoadedFromMemory doesn't match image R:\games\eee\Library\PackageCache\com.unity.visualscripting@1.8.0\Editor\VisualScripting.Core\Dependencies\DotNetZip\Unity.VisualScripting.IonicZip.dll
- Loaded All Assemblies, in  0.639 seconds
Refreshing native plugins compatible for Editor in 4.09 ms, found 5 plugins.
Native extension for UWP target not found
Native extension for LinuxStandalone target not found
Native extension for WindowsStandalone target not found
Native extension for AppleTV target not found
Native extension for iOS target not found
Native extension for Android target not found
Native extension for OSXStandalone target not found
System.Exception: Error! Visual Scripting: couldn't find visual scripting package
  at Unity.VisualScripting.PackageVersionUtility.get_version () [0x00043] in .\Library\PackageCache\com.unity.visualscripting@1.8.0\Editor\VisualScripting.Core\Utilities\PackageVersionUtility.cs:31 
  at Unity.VisualScripting.BoltCoreManifest.get_version () [0x00000] in .\Library\PackageCache\com.unity.visualscripting@1.8.0\Editor\VisualScripting.Core\Plugin\BoltCoreManifest.cs:11 
  at Unity.VisualScripting.PluginManifest.get_currentVersion () [0x00000] in .\Library\PackageCache\com.unity.visualscripting@1.8.0\Editor\VisualScripting.Core\Plugins\PluginManifest.cs:33 
  at Unity.VisualScripting.PluginManifest.get_versionMismatch () [0x00000] in .\Library\PackageCache\com.unity.visualscripting@1.8.0\Editor\VisualScripting.Core\Plugins\PluginManifest.cs:48 
  at Unity.VisualScripting.PluginContainer.Initialize () [0x00525] in .\Library\PackageCache\com.unity.visualscripting@1.8.0\Editor\VisualScripting.Core\Plugins\PluginContainer.cs:208 
  at Unity.VisualScripting.PluginContainer.InitializeOnLoad () [0x00009] in .\Library\PackageCache\com.unity.visualscripting@1.8.0\Editor\VisualScripting.Core\Plugins\PluginContainer.cs:32 
  at Unity.VisualScripting.VSUsageUtility.DoInitializeOnLoadCalls () [0x00034] in .\Library\PackageCache\com.unity.visualscripting@1.8.0\Editor\VisualScripting.Core\Utilities\VSUsageUtility.cs:76 
  at Unity.VisualScripting.VSUsageUtility.set_isVisualScriptingUsed (System.Boolean value) [0x0002c] in .\Library\PackageCache\com.unity.visualscripting@1.8.0\Editor\VisualScripting.Core\Utilities\VSUsageUtility.cs:114 
  at Unity.VisualScripting.VSUsageUtility.CheckAndSetIsVisualScriptingUsed () [0x0000d] in .\Library\PackageCache\com.unity.visualscripting@1.8.0\Editor\VisualScripting.Core\Utilities\VSUsageUtility.cs:33 
  at Unity.VisualScripting.VSUsageUtility..cctor () [0x00000] in .\Library\PackageCache\com.unity.visualscripting@1.8.0\Editor\VisualScripting.Core\Utilities\VSUsageUtility.cs:22 
0x00007ff65d4d7c0d (Unity) StackWalker::GetCurrentCallstack
0x00007ff65d4dcbb9 (Unity) StackWalker::ShowCallstack
0x00007ff65e4a92c1 (Unity) GetStacktrace
0x00007ff65eb6ab32 (Unity) DebugStringToFile
0x00007ff65c42dfb6 (Unity) DebugLogHandler_CUSTOM_Internal_Log
0x000001d38b827d83 (Mono JIT Code) (wrapper managed-to-native) UnityEngine.DebugLogHandler:Internal_Log (UnityEngine.LogType,UnityEngine.LogOption,string,UnityEngine.Object)
0x000001d38b8279fb (Mono JIT Code) UnityEngine.DebugLogHandler:LogFormat (UnityEngine.LogType,UnityEngine.Object,string,object[])
0x000001d38b824e00 (Mono JIT Code) UnityEngine.Logger:Log (UnityEngine.LogType,object)
0x000001d38b824cc5 (Mono JIT Code) UnityEngine.Debug:LogError (object)
0x000001d389cfab9b (Mono JIT Code) UnityEditor.EditorAssemblies:ProcessInitializeOnLoadAttributes (System.Type[])
0x000001d5742dbf38 (Mono JIT Code) (wrapper runtime-invoke) <Module>:runtime_invoke_void_object (object,intptr,intptr,intptr)
0x00007ffa9f3ce0d4 (mono-2.0-bdwgc) mono_jit_runtime_invoke (at C:/build/output/Unity-Technologies/mono/mono/mini/mini-runtime.c:3445)
0x00007ffa9f30eb74 (mono-2.0-bdwgc) do_runtime_invoke (at C:/build/output/Unity-Technologies/mono/mono/metadata/object.c:3066)
0x00007ffa9f30ed0c (mono-2.0-bdwgc) mono_runtime_invoke (at C:/build/output/Unity-Technologies/mono/mono/metadata/object.c:3113)
0x00007ff65d3f6f54 (Unity) scripting_method_invoke
0x00007ff65d3d5bd4 (Unity) ScriptingInvocation::Invoke
0x00007ff65d3d0825 (Unity) ScriptingInvocation::Invoke<void>
0x00007ff65d51a433 (Unity) Scripting::UnityEditor::EditorAssembliesProxy::ProcessInitializeOnLoadAttributes
0x00007ff65d3ca3b8 (Unity) MonoManager::SetupLoadedEditorAssemblies
0x00007ff65d3bfee9 (Unity) MonoManager::FinalizeReload
0x00007ff65e7a59ba (Unity) ScriptingInitializer::FinalizeReload
0x00007ff65e35388b (Unity) LoadUserAssemblies
0x00007ff65e853d95 (Unity) <lambda_b37b41f03089e3cb3f55061bbc93253d>::operator()
0x00007ff65e88d842 (Unity) asio::detail::completion_handler<core::mutable_function<void __cdecl(void)>,asio::io_context::basic_executor_type<std::allocator<void>,0> >::do_complete
0x00007ff65e8797ee (Unity) asio::detail::win_iocp_io_context::do_one
0x00007ff65e87b454 (Unity) asio::detail::win_iocp_io_context::run
0x00007ff65e88bbec (Unity) IOService::Run
0x00007ff65e8603af (Unity) AssetImportWorkerClient::Run
0x00007ff65e82af67 (Unity) RunAssetImportWorkerClientV2
0x00007ff65e82afeb (Unity) RunAssetImporterV2
0x00007ff65e02eca1 (Unity) Application::InitializeProject
0x00007ff65e4b50c5 (Unity) WinMain
0x00007ff65f89e87e (Unity) __scrt_common_main_seh
0x00007ffb073f257d (KERNEL32) BaseThreadInitThunk
0x00007ffb07fcaa68 (ntdll) RtlUserThreadStart

Mono: successfully reloaded assembly
- Finished resetting the current domain, in  1.350 seconds
Domain Reload Profiling: 1989ms
	BeginReloadAssembly (166ms)
		ExecutionOrderSort (0ms)
		DisableScriptedObjects (11ms)
		BackupInstance (0ms)
		ReleaseScriptingObjects (0ms)
		CreateAndSetChildDomain (42ms)
	RebuildCommonClasses (30ms)
	RebuildNativeTypeToScriptingClass (11ms)
	initialDomainReloadingComplete (22ms)
	LoadAllAssembliesAndSetupDomain (410ms)
		LoadAssemblies (261ms)
		RebuildTransferFunctionScriptingTraits (0ms)
		AnalyzeDomain (224ms)
			TypeCache.Refresh (219ms)
				TypeCache.ScanAssembly (210ms)
			ScanForSourceGeneratedMonoScriptInfo (0ms)
			ResolveRequiredComponents (4ms)
	FinalizeReload (1351ms)
		ReleaseScriptCaches (0ms)
		RebuildScriptCaches (0ms)
		SetupLoadedEditorAssemblies (655ms)
			LogAssemblyErrors (0ms)
			InitializePlatformSupportModulesInManaged (51ms)
			SetLoadedEditorAssemblies (4ms)
			RefreshPlugins (0ms)
			BeforeProcessingInitializeOnLoad (65ms)
			ProcessInitializeOnLoadAttributes (493ms)
			ProcessInitializeOnLoadMethodAttributes (40ms)
			AfterProcessingInitializeOnLoad (3ms)
			EditorAssembliesLoaded (0ms)
		ExecutionOrderSort2 (0ms)
		AwakeInstancesAfterBackupRestoration (15ms)
Refreshing native plugins compatible for Editor in 4.95 ms, found 5 plugins.
Preloading 0 native plugins for Editor in 0.00 ms.
Unloading 4070 Unused Serialized files (Serialized files now loaded: 0)
Unloading 40 unused Assets / (37.4 KB). Loaded Objects now: 4575.
Memory consumption went from 146.0 MB to 145.9 MB.
Total: 13.475800 ms (FindLiveObjects: 0.370800 ms CreateObjectMapping: 0.116800 ms MarkObjects: 12.647300 ms  DeleteObjects: 0.339200 ms)

Prepare: number of updated asset objects reloaded= 0
AssetImportParameters requested are different than current active one (requested -> active):
  custom:container-demuxer-ogg: 62fdf1f143b41e24485cea50d1cbac27 -> 
  custom:video-decoder-ogg-theora: a1e56fd34408186e4bbccfd4996cb3dc -> 
  custom:framework-win-MediaFoundation: 216162199b28c13a410421893ffa2e32 -> 
  custom:CustomObjectIndexerAttribute: 756ad292c208cfabdd7b50bc23989ffe -> 
  custom:container-demuxer-webm: 4f35f7cbe854078d1ac9338744f61a02 -> 
  custom:container-muxer-webm: aa71ff27fc2769a1b78a27578f13a17b -> 
  custom:video-decoder-webm-vp8: 9c59270c3fd7afecdb556c50c9e8de78 -> 
  custom:SearchIndexIgnoredProperties: e643bd26f0fe6173181afceb89e7c659 -> 
  custom:AudioImporter_EditorPlatform: d09bf68614088b80899f8185d706f6e7 -> 
  custom:video-encoder-webm-vp8: eb34c28f22e8b96e1ab97ce403110664 -> 
  custom:audio-decoder-ogg-vorbis: bf7c407c2cedff20999df2af8eb42d56 -> 
  custom:audio-encoder-webm-vorbis: bf7c407c2cedff20999df2af8eb42d56 -> 
========================================================================
Received Import Request.
  Time since last request: 51.098218 seconds.
  path: Assets/Scenes/level 1/game.unity
  artifactKey: Guid(6141b16e1f859a449b0c13fae9ac8c30) Importer(815301076,1909f56bfc062723c751e8b465ee728b)
Start importing Assets/Scenes/level 1/game.unity using Guid(6141b16e1f859a449b0c13fae9ac8c30) Importer(815301076,1909f56bfc062723c751e8b465ee728b)  -> (artifact id: '67b8c297f8398b6df1687fc0f46ca2e1') in 0.001996 seconds
Number of updated asset objects reloaded before import = 0
Number of asset objects unloaded after import = 0
